<?xml version="1.0" encoding="UTF-8"?>
<!-- Generated by org.testng.reporters.JUnitXMLReporter -->
<testsuite hostname="Ramkumars-MacBook-Air.local" ignored="0" name="Default test" tests="5" failures="0" timestamp="26 Oct 2024 19:26:22 GMT" time="15.913" errors="0">
  <testcase name="homePageTitleTest" time="0.418" classname="com.qa.opencart.tests.HomePageTest"/>
  <testcase name="homePageURLTest" time="0.002" classname="com.qa.opencart.tests.HomePageTest"/>
  <testcase name="searchTest" time="1.648" classname="com.qa.opencart.tests.HomePageTest"/>
  <testcase name="searchTest" time="0.575" classname="com.qa.opencart.tests.HomePageTest"/>
  <testcase name="searchTest" time="0.279" classname="com.qa.opencart.tests.HomePageTest"/>
</testsuite> <!-- Default test -->
