<?xml version="1.0" encoding="UTF-8"?>
<!-- Generated by org.testng.reporters.JUnitXMLReporter -->
<testsuite hostname="Ramkumars-MacBook-Air.local" ignored="0" name="Open Cart Login Home Test" tests="5" failures="0" timestamp="13 Oct 2024 15:23:21 GMT" time="17.486" errors="0">
  <testcase name="homePageTitleTest" time="0.319" classname="com.qa.opencart.tests.HomePageTest"/>
  <testcase name="homePageURLTest" time="0.003" classname="com.qa.opencart.tests.HomePageTest"/>
  <testcase name="searchTest" time="1.383" classname="com.qa.opencart.tests.HomePageTest"/>
  <testcase name="searchTest" time="0.656" classname="com.qa.opencart.tests.HomePageTest"/>
  <testcase name="searchTest" time="0.338" classname="com.qa.opencart.tests.HomePageTest"/>
</testsuite> <!-- Open Cart Login Home Test -->
