<?xml version="1.0" encoding="UTF-8"?>
<!-- Generated by org.testng.reporters.JUnitXMLReporter -->
<testsuite ignored="0" hostname="Ramkumars-MacBook-Air.local" failures="0" tests="3" name="Open Cart Login Page Test" time="20.344" errors="0" timestamp="09 Nov 2024 07:56:09 GMT">
  <testcase classname="com.qa.opencart.tests.LoginPageTest" name="loginPageNavigationTest" time="3.756"/>
  <testcase classname="com.qa.opencart.tests.LoginPageTest" name="forgotPwdLinkExistTest" time="0.198"/>
  <testcase classname="com.qa.opencart.tests.LoginPageTest" name="appLoginTest" time="1.349"/>
</testsuite> <!-- Open Cart Login Page Test -->
