<?xml version="1.0" encoding="UTF-8"?>
<!-- Generated by org.testng.reporters.JUnitXMLReporter -->
<testsuite hostname="Ramkumars-MacBook-Air.local" ignored="0" name="Open Cart Home Page Test" tests="5" failures="0" timestamp="26 Oct 2024 19:27:42 GMT" time="20.683" errors="0">
  <testcase name="homePageTitleTest" time="0.73" classname="com.qa.opencart.tests.HomePageTest"/>
  <testcase name="homePageURLTest" time="0.002" classname="com.qa.opencart.tests.HomePageTest"/>
  <testcase name="searchTest" time="3.542" classname="com.qa.opencart.tests.HomePageTest"/>
  <testcase name="searchTest" time="0.656" classname="com.qa.opencart.tests.HomePageTest"/>
  <testcase name="searchTest" time="0.243" classname="com.qa.opencart.tests.HomePageTest"/>
</testsuite> <!-- Open Cart Home Page Test -->
