<?xml version="1.0" encoding="UTF-8"?>
<!-- Generated by org.testng.reporters.JUnitXMLReporter -->
<testsuite ignored="0" hostname="Ramkumars-MacBook-Air.local" failures="0" tests="3" name="Open Cart Login Page Test" time="8.875" errors="0" timestamp="03 Nov 2024 19:28:36 GMT">
  <testcase classname="com.qa.opencart.tests.LoginPageTest" name="loginPageNavigationTest" time="0.392"/>
  <testcase classname="com.qa.opencart.tests.LoginPageTest" name="forgotPwdLinkExistTest" time="0.026"/>
  <testcase classname="com.qa.opencart.tests.LoginPageTest" name="appLoginTest" time="0.547"/>
</testsuite> <!-- Open Cart Login Page Test -->
