<?xml version="1.0" encoding="UTF-8"?>
<testng-results ignored="0" total="8" passed="8" failed="0" skipped="0">
  <reporter-output>
  </reporter-output>
  <suite started-at="2024-11-09T07:55:48Z" name="Open Cart Test Regression PW Suite" finished-at="2024-11-09T07:56:38Z" duration-ms="50397">
    <groups>
    </groups>
    <test started-at="2024-11-09T07:55:48Z" name="Open Cart Login Page Test" finished-at="2024-11-09T07:56:08Z" duration-ms="20344">
      <class name="com.qa.opencart.tests.LoginPageTest">
        <test-method is-config="true" signature="setup()[pri:0, instance:com.qa.opencart.tests.LoginPageTest@201b6b6f]" started-at="2024-11-09T07:55:48Z" name="setup" finished-at="2024-11-09T07:56:03Z" duration-ms="14983" status="PASS">
          <reporter-output>
          </reporter-output>
        </test-method> <!-- setup -->
        <test-method signature="loginPageNavigationTest()[pri:1, instance:com.qa.opencart.tests.LoginPageTest@201b6b6f]" started-at="2024-11-09T07:56:03Z" name="loginPageNavigationTest" finished-at="2024-11-09T07:56:07Z" duration-ms="3756" status="PASS">
          <reporter-output>
          </reporter-output>
        </test-method> <!-- loginPageNavigationTest -->
        <test-method signature="forgotPwdLinkExistTest()[pri:2, instance:com.qa.opencart.tests.LoginPageTest@201b6b6f]" started-at="2024-11-09T07:56:07Z" name="forgotPwdLinkExistTest" finished-at="2024-11-09T07:56:07Z" depends-on-methods="com.qa.opencart.tests.LoginPageTest.loginPageNavigationTest" duration-ms="198" status="PASS">
          <reporter-output>
          </reporter-output>
        </test-method> <!-- forgotPwdLinkExistTest -->
        <test-method signature="appLoginTest()[pri:3, instance:com.qa.opencart.tests.LoginPageTest@201b6b6f]" started-at="2024-11-09T07:56:07Z" name="appLoginTest" finished-at="2024-11-09T07:56:08Z" depends-on-methods="com.qa.opencart.tests.LoginPageTest.loginPageNavigationTest" duration-ms="1349" status="PASS">
          <reporter-output>
          </reporter-output>
        </test-method> <!-- appLoginTest -->
        <test-method is-config="true" signature="tearDown()[pri:0, instance:com.qa.opencart.tests.LoginPageTest@201b6b6f]" started-at="2024-11-09T07:56:08Z" name="tearDown" finished-at="2024-11-09T07:56:08Z" duration-ms="1" status="PASS">
          <reporter-output>
          </reporter-output>
        </test-method> <!-- tearDown -->
      </class> <!-- com.qa.opencart.tests.LoginPageTest -->
    </test> <!-- Open Cart Login Page Test -->
    <test started-at="2024-11-09T07:55:48Z" name="Open Cart Home Page Test" finished-at="2024-11-09T07:56:38Z" duration-ms="50397">
      <class name="com.qa.opencart.tests.HomePageTest">
        <test-method is-config="true" signature="setup()[pri:0, instance:com.qa.opencart.tests.HomePageTest@607fbe09]" started-at="2024-11-09T07:55:48Z" name="setup" finished-at="2024-11-09T07:56:03Z" duration-ms="15381" status="PASS">
          <reporter-output>
          </reporter-output>
        </test-method> <!-- setup -->
        <test-method signature="homePageTitleTest()[pri:0, instance:com.qa.opencart.tests.HomePageTest@607fbe09]" started-at="2024-11-09T07:56:03Z" name="homePageTitleTest" finished-at="2024-11-09T07:56:04Z" duration-ms="675" status="PASS">
          <reporter-output>
          </reporter-output>
        </test-method> <!-- homePageTitleTest -->
        <test-method signature="homePageURLTest()[pri:0, instance:com.qa.opencart.tests.HomePageTest@607fbe09]" started-at="2024-11-09T07:56:04Z" name="homePageURLTest" finished-at="2024-11-09T07:56:04Z" duration-ms="2" status="PASS">
          <reporter-output>
          </reporter-output>
        </test-method> <!-- homePageURLTest -->
        <test-method signature="searchTest(java.lang.String)[pri:0, instance:com.qa.opencart.tests.HomePageTest@607fbe09]" started-at="2024-11-09T07:56:04Z" name="searchTest" data-provider="getProductData" finished-at="2024-11-09T07:56:18Z" duration-ms="13518" status="PASS">
          <params>
            <param index="0">
              <value>
                <![CDATA[Macbook]]>
              </value>
            </param>
          </params>
          <reporter-output>
          </reporter-output>
        </test-method> <!-- searchTest -->
        <test-method signature="searchTest(java.lang.String)[pri:0, instance:com.qa.opencart.tests.HomePageTest@607fbe09]" started-at="2024-11-09T07:56:18Z" name="searchTest" data-provider="getProductData" finished-at="2024-11-09T07:56:28Z" duration-ms="10416" status="PASS">
          <params>
            <param index="0">
              <value>
                <![CDATA[imac]]>
              </value>
            </param>
          </params>
          <reporter-output>
          </reporter-output>
        </test-method> <!-- searchTest -->
        <test-method signature="searchTest(java.lang.String)[pri:0, instance:com.qa.opencart.tests.HomePageTest@607fbe09]" started-at="2024-11-09T07:56:28Z" name="searchTest" data-provider="getProductData" finished-at="2024-11-09T07:56:38Z" duration-ms="10340" status="PASS">
          <params>
            <param index="0">
              <value>
                <![CDATA[Samsung]]>
              </value>
            </param>
          </params>
          <reporter-output>
          </reporter-output>
        </test-method> <!-- searchTest -->
        <test-method is-config="true" signature="tearDown()[pri:0, instance:com.qa.opencart.tests.HomePageTest@607fbe09]" started-at="2024-11-09T07:56:38Z" name="tearDown" finished-at="2024-11-09T07:56:38Z" duration-ms="0" status="PASS">
          <reporter-output>
          </reporter-output>
        </test-method> <!-- tearDown -->
      </class> <!-- com.qa.opencart.tests.HomePageTest -->
    </test> <!-- Open Cart Home Page Test -->
  </suite> <!-- Open Cart Test Regression PW Suite -->
</testng-results>
