<?xml version="1.0" encoding="UTF-8"?>
<testng-results ignored="0" total="8" passed="8" failed="0" skipped="0">
  <reporter-output>
  </reporter-output>
  <suite started-at="2024-11-03T19:28:27Z" name="Open Cart Test Regression PW Suite" finished-at="2024-11-03T19:29:14Z" duration-ms="47364">
    <groups>
    </groups>
    <test started-at="2024-11-03T19:28:27Z" name="Open Cart Login Page Test" finished-at="2024-11-03T19:28:36Z" duration-ms="8875">
      <class name="com.qa.opencart.tests.LoginPageTest">
        <test-method is-config="true" signature="setup(java.lang.String)[pri:0, instance:com.qa.opencart.tests.LoginPageTest@3e5499cc]" started-at="2024-11-03T19:28:27Z" name="setup" finished-at="2024-11-03T19:28:35Z" duration-ms="7854" status="PASS">
          <params>
            <param index="0">
              <value>
                <![CDATA[firefox]]>
              </value>
            </param>
          </params>
          <reporter-output>
          </reporter-output>
        </test-method> <!-- setup -->
        <test-method signature="loginPageNavigationTest()[pri:1, instance:com.qa.opencart.tests.LoginPageTest@3e5499cc]" started-at="2024-11-03T19:28:35Z" name="loginPageNavigationTest" finished-at="2024-11-03T19:28:35Z" duration-ms="392" status="PASS">
          <reporter-output>
          </reporter-output>
        </test-method> <!-- loginPageNavigationTest -->
        <test-method signature="forgotPwdLinkExistTest()[pri:2, instance:com.qa.opencart.tests.LoginPageTest@3e5499cc]" started-at="2024-11-03T19:28:35Z" name="forgotPwdLinkExistTest" finished-at="2024-11-03T19:28:35Z" depends-on-methods="com.qa.opencart.tests.LoginPageTest.loginPageNavigationTest" duration-ms="26" status="PASS">
          <reporter-output>
          </reporter-output>
        </test-method> <!-- forgotPwdLinkExistTest -->
        <test-method signature="appLoginTest()[pri:3, instance:com.qa.opencart.tests.LoginPageTest@3e5499cc]" started-at="2024-11-03T19:28:35Z" name="appLoginTest" finished-at="2024-11-03T19:28:36Z" depends-on-methods="com.qa.opencart.tests.LoginPageTest.loginPageNavigationTest" duration-ms="547" status="PASS">
          <reporter-output>
          </reporter-output>
        </test-method> <!-- appLoginTest -->
        <test-method is-config="true" signature="tearDown()[pri:0, instance:com.qa.opencart.tests.LoginPageTest@3e5499cc]" started-at="2024-11-03T19:28:36Z" name="tearDown" finished-at="2024-11-03T19:28:36Z" duration-ms="1" status="PASS">
          <reporter-output>
          </reporter-output>
        </test-method> <!-- tearDown -->
      </class> <!-- com.qa.opencart.tests.LoginPageTest -->
    </test> <!-- Open Cart Login Page Test -->
    <test started-at="2024-11-03T19:28:27Z" name="Open Cart Home Page Test" finished-at="2024-11-03T19:29:14Z" duration-ms="47364">
      <class name="com.qa.opencart.tests.HomePageTest">
        <test-method is-config="true" signature="setup(java.lang.String)[pri:0, instance:com.qa.opencart.tests.HomePageTest@40cb698e]" started-at="2024-11-03T19:28:27Z" name="setup" finished-at="2024-11-03T19:28:41Z" duration-ms="14054" status="PASS">
          <params>
            <param index="0">
              <value>
                <![CDATA[chrome]]>
              </value>
            </param>
          </params>
          <reporter-output>
          </reporter-output>
        </test-method> <!-- setup -->
        <test-method signature="homePageTitleTest()[pri:0, instance:com.qa.opencart.tests.HomePageTest@40cb698e]" started-at="2024-11-03T19:28:41Z" name="homePageTitleTest" finished-at="2024-11-03T19:28:41Z" duration-ms="451" status="PASS">
          <reporter-output>
          </reporter-output>
        </test-method> <!-- homePageTitleTest -->
        <test-method signature="homePageURLTest()[pri:0, instance:com.qa.opencart.tests.HomePageTest@40cb698e]" started-at="2024-11-03T19:28:41Z" name="homePageURLTest" finished-at="2024-11-03T19:28:41Z" duration-ms="2" status="PASS">
          <reporter-output>
          </reporter-output>
        </test-method> <!-- homePageURLTest -->
        <test-method signature="searchTest(java.lang.String)[pri:0, instance:com.qa.opencart.tests.HomePageTest@40cb698e]" started-at="2024-11-03T19:28:41Z" name="searchTest" data-provider="getProductData" finished-at="2024-11-03T19:28:53Z" duration-ms="11857" status="PASS">
          <params>
            <param index="0">
              <value>
                <![CDATA[Macbook]]>
              </value>
            </param>
          </params>
          <reporter-output>
          </reporter-output>
        </test-method> <!-- searchTest -->
        <test-method signature="searchTest(java.lang.String)[pri:0, instance:com.qa.opencart.tests.HomePageTest@40cb698e]" started-at="2024-11-03T19:28:53Z" name="searchTest" data-provider="getProductData" finished-at="2024-11-03T19:29:04Z" duration-ms="10560" status="PASS">
          <params>
            <param index="0">
              <value>
                <![CDATA[imac]]>
              </value>
            </param>
          </params>
          <reporter-output>
          </reporter-output>
        </test-method> <!-- searchTest -->
        <test-method signature="searchTest(java.lang.String)[pri:0, instance:com.qa.opencart.tests.HomePageTest@40cb698e]" started-at="2024-11-03T19:29:04Z" name="searchTest" data-provider="getProductData" finished-at="2024-11-03T19:29:14Z" duration-ms="10391" status="PASS">
          <params>
            <param index="0">
              <value>
                <![CDATA[Samsung]]>
              </value>
            </param>
          </params>
          <reporter-output>
          </reporter-output>
        </test-method> <!-- searchTest -->
        <test-method is-config="true" signature="tearDown()[pri:0, instance:com.qa.opencart.tests.HomePageTest@40cb698e]" started-at="2024-11-03T19:29:14Z" name="tearDown" finished-at="2024-11-03T19:29:14Z" duration-ms="1" status="PASS">
          <reporter-output>
          </reporter-output>
        </test-method> <!-- tearDown -->
      </class> <!-- com.qa.opencart.tests.HomePageTest -->
    </test> <!-- Open Cart Home Page Test -->
  </suite> <!-- Open Cart Test Regression PW Suite -->
</testng-results>
